\BOOKMARK [1][-]{section*.3}{\376\377\000F\000i\000l\000e\000s}{}% 1
\BOOKMARK [0][-]{chapter*.9}{\376\377\000D\000a\000t\000a\000P\000r\000e\000p\000a\000r\000e\000.\000R}{}% 2
\BOOKMARK [1][-]{section*.10}{\376\377\000O\000v\000e\000r\000v\000i\000e\000w}{chapter*.9}% 3
\BOOKMARK [1][-]{section*.11}{\376\377\000O\000u\000t\000p\000u\000t\000s}{chapter*.9}% 4
\BOOKMARK [1][-]{section*.12}{\376\377\000U\000s\000e\000r\000\040\000d\000e\000f\000i\000n\000e\000d\000\040\000t\000o\000g\000g\000l\000e\000s}{chapter*.9}% 5
\BOOKMARK [1][-]{section*.21}{\376\377\000F\000u\000n\000c\000t\000i\000o\000n\000\040\000g\000l\000o\000s\000s\000a\000r\000y\000\040\000\050\000n\000o\000t\000\040\000e\000x\000h\000a\000u\000s\000t\000i\000v\000e\000\051}{chapter*.9}% 6
\BOOKMARK [0][-]{chapter*.25}{\376\377\000B\000u\000s\000u\000l\000f\000a\000n\000N\000a\000i\000v\000e\000F\000i\000t\000.\000R}{}% 7
\BOOKMARK [1][-]{section*.26}{\376\377\000O\000v\000e\000r\000v\000i\000e\000w}{chapter*.25}% 8
\BOOKMARK [1][-]{section*.27}{\376\377\000D\000e\000r\000i\000v\000a\000t\000i\000o\000n\000\040\000o\000f\000\040\000a\000n\000a\000l\000y\000t\000i\000c\000s}{chapter*.25}% 9
\BOOKMARK [1][-]{section*.28}{\376\377\000F\000i\000t\000t\000i\000n\000g\000\040\000p\000r\000o\000c\000e\000d\000u\000r\000e\000\040\000p\000r\000e\000l\000i\000m\000i\000n\000a\000r\000i\000e\000s}{chapter*.25}% 10
\BOOKMARK [1][-]{section*.30}{\376\377\000F\000u\000n\000c\000t\000i\000o\000n\000\040\000a\000n\000d\000\040\000v\000a\000r\000i\000a\000b\000l\000e\000\040\000g\000l\000o\000s\000s\000a\000r\000y}{chapter*.25}% 11
\BOOKMARK [1][-]{section*.38}{\376\377\000P\000a\000r\000a\000l\000l\000e\000l\000\040\000i\000m\000p\000l\000e\000m\000e\000n\000t\000a\000t\000i\000o\000n\000\040\000o\000f\000\040\000b\000o\000o\000t\000s\000t\000r\000a\000p\000i\000n\000g}{chapter*.25}% 12
\BOOKMARK [0][-]{chapter*.39}{\376\377\000A\000g\000e\000D\000e\000p\000e\000n\000d\000e\000n\000t\000L\000o\000s\000s\000.\000R}{}% 13
\BOOKMARK [1][-]{section*.40}{\376\377\000O\000v\000e\000r\000v\000i\000e\000w}{chapter*.39}% 14
\BOOKMARK [1][-]{section*.41}{\376\377\000S\000e\000t\000t\000i\000n\000g\000s\000\040\000t\000o\000\040\000k\000e\000e\000p\000\040\000i\000n\000\040\000m\000i\000n\000d}{chapter*.39}% 15
\BOOKMARK [1][-]{section*.42}{\376\377\000F\000u\000n\000c\000t\000i\000o\000n\000\040\000a\000n\000d\000\040\000v\000a\000r\000i\000a\000b\000l\000e\000\040\000g\000l\000o\000s\000s\000a\000r\000y}{chapter*.39}% 16
\BOOKMARK [0][-]{chapter*.46}{\376\377\000A\000n\000a\000l\000y\000s\000i\000s\000.\000R}{}% 17
\BOOKMARK [1][-]{section*.47}{\376\377\000O\000v\000e\000r\000v\000i\000e\000w}{chapter*.46}% 18
\BOOKMARK [1][-]{section*.48}{\376\377\000S\000e\000t\000t\000i\000n\000g\000s\000\040\000t\000o\000\040\000k\000e\000e\000p\000\040\000i\000n\000\040\000m\000i\000n\000d}{chapter*.46}% 19
\BOOKMARK [1][-]{section*.49}{\376\377\000P\000r\000i\000m\000a\000r\000y\000\040\000o\000u\000t\000p\000u\000t\000s}{chapter*.46}% 20
